[2022-10-19 22:35:20,346] [dataCleaner] [__init__] [INFO] --> [
    #####-->    Data cleaner logger for EDA notebook    <--#####
]
[2022-10-19 23:00:33,492] [dataCleaner] [remove_unwanted_cols] [INFO] --> [feature: created_at removed successfully]
[2022-10-19 23:00:33,646] [dataCleaner] [remove_unwanted_cols] [INFO] --> [feature: updated_at removed successfully]
[2022-10-19 23:13:06,567] [dataCleaner] [percent_missing] [INFO] --> [The dataset contains 0.0616394911 % missing values]
[2022-10-19 23:14:13,500] [dataCleaner] [__init__] [INFO] --> [
    #####-->    Data cleaner logger for EDA notebook    <--#####
]
[2022-10-19 23:14:33,851] [dataCleaner] [percent_missing] [INFO] --> [The dataset contains 0.0616394911 % missing values]
[2022-10-19 23:14:35,620] [dataCleaner] [remove_unwanted_cols] [INFO] --> [feature: created_at removed successfully]
[2022-10-19 23:14:35,835] [dataCleaner] [remove_unwanted_cols] [INFO] --> [feature: updated_at removed successfully]
[2022-10-19 23:17:36,342] [dataCleaner] [percent_missing] [INFO] --> [The dataset contains 0.0616394911 % missing values]
[2022-10-20 17:07:48,236] [dataCleaner] [__init__] [INFO] --> [
    #####-->    Data cleaner logger for EDA notebook    <--#####
]
[2022-10-20 17:07:59,956] [dataCleaner] [percent_missing] [INFO] --> [The dataset contains 0.0616394911 % missing values]
[2022-10-20 17:08:01,046] [dataCleaner] [remove_unwanted_cols] [INFO] --> [feature: created_at removed successfully]
[2022-10-20 17:08:01,197] [dataCleaner] [remove_unwanted_cols] [INFO] --> [feature: updated_at removed successfully]
[2022-10-20 17:30:44,764] [dataCleaner] [__init__] [INFO] --> [
    #####-->    Data cleaner logger for EDA notebook    <--#####
]
[2022-10-20 17:30:55,988] [dataCleaner] [percent_missing] [INFO] --> [The dataset contains 0.0616394911 % missing values]
[2022-10-20 20:28:17,714] [dataCleaner] [__init__] [INFO] --> [
    #####-->    Data cleaner logger for EDA notebook    <--#####
]
[2022-10-20 20:28:28,610] [dataCleaner] [percent_missing] [INFO] --> [The dataset contains 0.0616394911 % missing values]
[2022-10-20 20:37:19,549] [dataCleaner] [remove_unwanted_cols] [INFO] --> [feature: Trip Origin removed successfully]
[2022-10-20 20:37:19,713] [dataCleaner] [remove_unwanted_cols] [INFO] --> [feature: Trip Destination removed successfully]
[2022-10-20 20:44:30,838] [dataCleaner] [convert_to_numeric] [INFO] --> [feature: Trip_Origin_lat converted to numeric data type format]
[2022-10-20 20:44:31,381] [dataCleaner] [convert_to_numeric] [INFO] --> [feature: Trip_Origin_lon converted to numeric data type format]
[2022-10-20 20:44:31,788] [dataCleaner] [convert_to_numeric] [INFO] --> [feature: Trip_Destination_lat converted to numeric data type format]
[2022-10-20 20:44:32,101] [dataCleaner] [convert_to_numeric] [INFO] --> [feature: Trip_Destination_lon converted to numeric data type format]
[2022-10-20 21:39:52,352] [dataCleaner] [convert_to_string] [INFO] --> [feature: Trip Start Time converted to string data type format]
[2022-10-20 21:39:53,962] [dataCleaner] [convert_to_string] [INFO] --> [feature: Trip End Time converted to string data type format]
[2022-10-20 21:41:32,366] [dataCleaner] [__init__] [INFO] --> [
    #####-->    Data cleaner logger for EDA notebook    <--#####
]
[2022-10-20 21:41:43,603] [dataCleaner] [remove_unwanted_cols] [INFO] --> [feature: Trip Origin removed successfully]
[2022-10-20 21:41:43,684] [dataCleaner] [remove_unwanted_cols] [INFO] --> [feature: Trip Destination removed successfully]
[2022-10-20 21:41:45,424] [dataCleaner] [convert_to_numeric] [INFO] --> [feature: Trip_Origin_lat converted to numeric data type format]
[2022-10-20 21:41:45,783] [dataCleaner] [convert_to_numeric] [INFO] --> [feature: Trip_Origin_lon converted to numeric data type format]
[2022-10-20 21:41:46,140] [dataCleaner] [convert_to_numeric] [INFO] --> [feature: Trip_Destination_lat converted to numeric data type format]
[2022-10-20 21:41:46,521] [dataCleaner] [convert_to_numeric] [INFO] --> [feature: Trip_Destination_lon converted to numeric data type format]
[2022-10-20 21:48:05,976] [dataCleaner] [percent_missing] [INFO] --> [The dataset contains 0.0385246819 % missing values]
[2022-10-20 21:48:07,330] [dataCleaner] [remove_unwanted_cols] [INFO] --> [feature: created_at removed successfully]
[2022-10-20 21:48:07,482] [dataCleaner] [remove_unwanted_cols] [INFO] --> [feature: updated_at removed successfully]
[2022-10-20 22:54:57,324] [dataCleaner] [__init__] [INFO] --> [
    #####-->    Data cleaner logger for EDA notebook    <--#####
]
[2022-10-20 22:55:06,488] [dataCleaner] [remove_unwanted_cols] [INFO] --> [feature: Trip Origin removed successfully]
[2022-10-20 22:55:06,562] [dataCleaner] [remove_unwanted_cols] [INFO] --> [feature: Trip Destination removed successfully]
[2022-10-20 22:55:07,998] [dataCleaner] [convert_to_numeric] [INFO] --> [feature: Trip_Origin_lat converted to numeric data type format]
[2022-10-20 22:55:08,335] [dataCleaner] [convert_to_numeric] [INFO] --> [feature: Trip_Origin_lon converted to numeric data type format]
[2022-10-20 22:55:08,583] [dataCleaner] [convert_to_numeric] [INFO] --> [feature: Trip_Destination_lat converted to numeric data type format]
[2022-10-20 22:55:08,830] [dataCleaner] [convert_to_numeric] [INFO] --> [feature: Trip_Destination_lon converted to numeric data type format]
[2022-10-20 22:58:11,117] [dataCleaner] [percent_missing] [INFO] --> [The dataset contains 0.0385246819 % missing values]
[2022-10-20 22:58:12,892] [dataCleaner] [remove_unwanted_cols] [INFO] --> [feature: created_at removed successfully]
[2022-10-20 22:58:12,966] [dataCleaner] [remove_unwanted_cols] [INFO] --> [feature: updated_at removed successfully]
[2022-10-20 23:43:59,700] [dataCleaner] [__init__] [INFO] --> [
    #####-->    Data cleaner logger for EDA notebook    <--#####
]
[2022-10-20 23:44:08,246] [dataCleaner] [remove_unwanted_cols] [INFO] --> [feature: Trip Origin removed successfully]
[2022-10-20 23:44:08,321] [dataCleaner] [remove_unwanted_cols] [INFO] --> [feature: Trip Destination removed successfully]
[2022-10-20 23:44:10,327] [dataCleaner] [convert_to_numeric] [INFO] --> [feature: Trip_Origin_lat converted to numeric data type format]
[2022-10-20 23:44:10,745] [dataCleaner] [convert_to_numeric] [INFO] --> [feature: Trip_Origin_lon converted to numeric data type format]
[2022-10-20 23:44:11,054] [dataCleaner] [convert_to_numeric] [INFO] --> [feature: Trip_Destination_lat converted to numeric data type format]
[2022-10-20 23:44:11,323] [dataCleaner] [convert_to_numeric] [INFO] --> [feature: Trip_Destination_lon converted to numeric data type format]
[2022-10-20 23:47:12,936] [dataCleaner] [percent_missing] [INFO] --> [The dataset contains 0.0385246819 % missing values]
[2022-10-21 14:04:32,031] [dataCleaner] [__init__] [INFO] --> [
    #####-->    Data cleaner logger for EDA notebook    <--#####
]
[2022-10-21 14:04:58,271] [dataCleaner] [remove_unwanted_cols] [INFO] --> [feature: Trip Origin removed successfully]
[2022-10-21 14:04:58,495] [dataCleaner] [remove_unwanted_cols] [INFO] --> [feature: Trip Destination removed successfully]
[2022-10-21 14:05:00,455] [dataCleaner] [convert_to_numeric] [INFO] --> [feature: Trip_Origin_lat converted to numeric data type format]
[2022-10-21 14:05:00,801] [dataCleaner] [convert_to_numeric] [INFO] --> [feature: Trip_Origin_lon converted to numeric data type format]
[2022-10-21 14:05:01,119] [dataCleaner] [convert_to_numeric] [INFO] --> [feature: Trip_Destination_lat converted to numeric data type format]
[2022-10-21 14:05:01,405] [dataCleaner] [convert_to_numeric] [INFO] --> [feature: Trip_Destination_lon converted to numeric data type format]
[2022-10-21 14:10:00,502] [dataCleaner] [percent_missing] [INFO] --> [The dataset contains 0.0385246819 % missing values]
[2022-10-21 14:10:27,846] [dataCleaner] [remove_unwanted_cols] [INFO] --> [feature: created_at removed successfully]
[2022-10-21 14:10:27,915] [dataCleaner] [remove_unwanted_cols] [INFO] --> [feature: updated_at removed successfully]
[2022-10-21 15:44:06,633] [dataCleaner] [__init__] [INFO] --> [
    #####-->    Data cleaner logger for EDA notebook    <--#####
]
[2022-10-21 15:44:17,615] [dataCleaner] [remove_unwanted_cols] [INFO] --> [feature: Trip Origin removed successfully]
[2022-10-21 15:44:17,698] [dataCleaner] [remove_unwanted_cols] [INFO] --> [feature: Trip Destination removed successfully]
[2022-10-21 15:44:19,383] [dataCleaner] [convert_to_numeric] [INFO] --> [feature: Trip_Origin_lat converted to numeric data type format]
[2022-10-21 15:44:19,665] [dataCleaner] [convert_to_numeric] [INFO] --> [feature: Trip_Origin_lon converted to numeric data type format]
[2022-10-21 15:44:19,963] [dataCleaner] [convert_to_numeric] [INFO] --> [feature: Trip_Destination_lat converted to numeric data type format]
[2022-10-21 15:44:20,513] [dataCleaner] [convert_to_numeric] [INFO] --> [feature: Trip_Destination_lon converted to numeric data type format]
[2022-10-21 15:47:05,219] [dataCleaner] [percent_missing] [INFO] --> [The dataset contains 0.0385246819 % missing values]
[2022-10-21 16:18:10,173] [dataCleaner] [__init__] [INFO] --> [
    #####-->    Data cleaner logger for EDA notebook    <--#####
]
[2022-10-21 16:18:19,537] [dataCleaner] [remove_unwanted_cols] [INFO] --> [feature: Trip Origin removed successfully]
[2022-10-21 16:18:19,626] [dataCleaner] [remove_unwanted_cols] [INFO] --> [feature: Trip Destination removed successfully]
[2022-10-21 16:18:22,815] [dataCleaner] [convert_to_numeric] [INFO] --> [feature: Trip_Origin_lat converted to numeric data type format]
[2022-10-21 16:18:23,412] [dataCleaner] [convert_to_numeric] [INFO] --> [feature: Trip_Origin_lon converted to numeric data type format]
[2022-10-21 16:18:23,781] [dataCleaner] [convert_to_numeric] [INFO] --> [feature: Trip_Destination_lat converted to numeric data type format]
[2022-10-21 16:18:24,193] [dataCleaner] [convert_to_numeric] [INFO] --> [feature: Trip_Destination_lon converted to numeric data type format]
[2022-10-21 16:21:51,157] [dataCleaner] [percent_missing] [INFO] --> [The dataset contains 0.0385246819 % missing values]
[2022-10-21 16:22:11,580] [dataCleaner] [remove_unwanted_cols] [INFO] --> [feature: created_at removed successfully]
[2022-10-21 16:22:11,761] [dataCleaner] [remove_unwanted_cols] [INFO] --> [feature: updated_at removed successfully]
[2022-10-21 23:01:33,785] [dataCleaner] [__init__] [INFO] --> [
    #####-->    Data cleaner logger for EDA notebook    <--#####
]
[2022-10-21 23:02:18,963] [dataCleaner] [remove_unwanted_cols] [INFO] --> [feature: Trip Origin removed successfully]
[2022-10-21 23:02:19,076] [dataCleaner] [remove_unwanted_cols] [INFO] --> [feature: Trip Destination removed successfully]
[2022-10-21 23:02:20,882] [dataCleaner] [convert_to_numeric] [INFO] --> [feature: Trip_Origin_lat converted to numeric data type format]
[2022-10-21 23:02:21,210] [dataCleaner] [convert_to_numeric] [INFO] --> [feature: Trip_Origin_lon converted to numeric data type format]
[2022-10-21 23:02:21,628] [dataCleaner] [convert_to_numeric] [INFO] --> [feature: Trip_Destination_lat converted to numeric data type format]
[2022-10-21 23:02:22,065] [dataCleaner] [convert_to_numeric] [INFO] --> [feature: Trip_Destination_lon converted to numeric data type format]
[2022-10-21 23:06:26,069] [dataCleaner] [percent_missing] [INFO] --> [The dataset contains 0.0385246819% missing values]
[2022-10-21 23:06:51,140] [dataCleaner] [remove_unwanted_cols] [INFO] --> [feature: created_at removed successfully]
[2022-10-21 23:06:51,202] [dataCleaner] [remove_unwanted_cols] [INFO] --> [feature: updated_at removed successfully]
[2022-10-21 23:11:11,644] [dataCleaner] [__init__] [INFO] --> [
    #####-->    Data cleaner logger for EDA notebook    <--#####
]
[2022-10-21 23:11:22,651] [dataCleaner] [remove_unwanted_cols] [INFO] --> [feature: Trip Origin removed successfully]
[2022-10-21 23:11:22,725] [dataCleaner] [remove_unwanted_cols] [INFO] --> [feature: Trip Destination removed successfully]
[2022-10-21 23:11:23,997] [dataCleaner] [convert_to_numeric] [INFO] --> [feature: Trip_Origin_lat converted to numeric data type format]
[2022-10-21 23:11:24,299] [dataCleaner] [convert_to_numeric] [INFO] --> [feature: Trip_Origin_lon converted to numeric data type format]
[2022-10-21 23:11:24,605] [dataCleaner] [convert_to_numeric] [INFO] --> [feature: Trip_Destination_lat converted to numeric data type format]
[2022-10-21 23:11:24,923] [dataCleaner] [convert_to_numeric] [INFO] --> [feature: Trip_Destination_lon converted to numeric data type format]
[2022-10-21 23:14:30,360] [dataCleaner] [percent_missing] [INFO] --> [The dataset contains 0.0385246819% missing values]
[2022-10-21 23:14:54,744] [dataCleaner] [remove_unwanted_cols] [INFO] --> [feature: created_at removed successfully]
[2022-10-21 23:14:54,803] [dataCleaner] [remove_unwanted_cols] [INFO] --> [feature: updated_at removed successfully]
