[2022-10-19 22:35:20,365] [dataVisualizer] [__init__] [INFO] --> [
    #####-->    Data visualizer logger for EDA notebook    <--#####
]
[2022-10-19 22:52:33,069] [dataVisualizer] [plot_pie] [INFO] --> [driver_action pie plot plotted successfully]
[2022-10-19 22:54:44,442] [dataVisualizer] [plot_pie] [INFO] --> [driver actions pie plot plotted successfully]
[2022-10-19 22:54:53,696] [dataVisualizer] [plot_pie] [INFO] --> [driver actions pie plot plotted successfully]
[2022-10-19 22:55:17,362] [dataVisualizer] [plot_pie] [INFO] --> [driver actions pie plot plotted successfully]
[2022-10-19 22:57:10,178] [dataVisualizer] [plot_pie] [INFO] --> [driver actions pie plot plotted successfully]
[2022-10-19 23:14:13,514] [dataVisualizer] [__init__] [INFO] --> [
    #####-->    Data visualizer logger for EDA notebook    <--#####
]
[2022-10-19 23:14:38,212] [dataVisualizer] [plot_pie] [INFO] --> [driver actions pie plot plotted successfully]
[2022-10-20 17:07:48,248] [dataVisualizer] [__init__] [INFO] --> [
    #####-->    Data visualizer logger for EDA notebook    <--#####
]
[2022-10-20 17:08:03,282] [dataVisualizer] [plot_pie] [INFO] --> [driver actions pie plot plotted successfully]
[2022-10-20 17:30:44,774] [dataVisualizer] [__init__] [INFO] --> [
    #####-->    Data visualizer logger for EDA notebook    <--#####
]
[2022-10-20 20:28:17,724] [dataVisualizer] [__init__] [INFO] --> [
    #####-->    Data visualizer logger for EDA notebook    <--#####
]
[2022-10-20 21:41:32,383] [dataVisualizer] [__init__] [INFO] --> [
    #####-->    Data visualizer logger for EDA notebook    <--#####
]
[2022-10-20 21:48:09,874] [dataVisualizer] [plot_pie] [INFO] --> [driver actions pie plot plotted successfully]
[2022-10-20 22:54:57,341] [dataVisualizer] [__init__] [INFO] --> [
    #####-->    Data visualizer logger for EDA notebook    <--#####
]
[2022-10-20 22:58:14,992] [dataVisualizer] [plot_pie] [INFO] --> [driver actions pie plot plotted successfully]
[2022-10-20 23:43:59,726] [dataVisualizer] [__init__] [INFO] --> [
    #####-->    Data visualizer logger for EDA notebook    <--#####
]
